<?xml version="1.0" encoding="utf-8"?><testsuites name="pytest tests"><testsuite name="pytest" errors="0" failures="0" skipped="0" tests="109" time="13.303" timestamp="2026-08-30T07:38:49.176846+00:00" hostname="agent-env-5002be5b-5891-4b93-b775-12f7741b6711"><testcase classname="tests.test_security.TestSec003PathTraversal" name="test_media_bad_path_rejected[etc/passwd]" time="0.178" /><testcase classname="tests.test_catalog.TestCatalog" name="test_list_genres" time="0.160" /><testcase classname="tests.test_catalog.TestCatalog" name="test_novels_sort_new" time="0.049" /><testcase classname="tests.test_security.TestSec003PathTraversal" name="test_media_bad_path_rejected[lightlisten/../etc/passwd]" time="0.087" /><testcase classname="tests.test_catalog.TestCatalog" name="test_novels_sort_popular" time="0.050" /><testcase classname="tests.test_catalog.TestCatalog" name="test_novels_sort_title" time="0.049" /><testcase classname="tests.test_security.TestSec003PathTraversal" name="test_media_bad_path_rejected[../lightlisten/x]" time="0.090" /><testcase classname="tests.test_catalog.TestCatalog" name="test_novels_invalid_sort_422" time="0.048" /><testcase classname="tests.test_security.TestSec003PathTraversal" name="test_media_bad_path_rejected[lightlisten/.%2E/x]" time="0.050" /><testcase classname="tests.test_catalog.TestCatalog" name="test_novels_search_by_title" time="0.049" /><testcase classname="tests.test_security.TestSec003PathTraversal" name="test_media_bad_path_rejected[lightlisten/./x]" time="0.434" /><testcase classname="tests.test_catalog.TestCatalog" name="test_novels_search_by_author" time="0.050" /><testcase classname="tests.test_catalog.TestCatalog" name="test_novels_search_by_alt_title" time="0.050" /><testcase classname="tests.test_catalog.TestCatalog" name="test_novels_filter_by_genre" time="0.049" /><testcase classname="tests.test_catalog.TestCatalog" name="test_novel_detail" time="0.102" /><testcase classname="tests.test_catalog.TestCatalog" name="test_novel_detail_invalid_id_400" time="0.050" /><testcase classname="tests.test_catalog.TestCatalog" name="test_novel_detail_unknown_404" time="0.047" /><testcase classname="tests.test_catalog.TestCatalog" name="test_novel_chapters" time="0.051" /><testcase classname="tests.test_security.TestSec003PathTraversal" name="test_media_bad_path_rejected[lightlisten/..]" time="0.241" /><testcase classname="tests.test_security.TestSec003PathTraversal" name="test_media_bad_path_rejected[lightlisten/]" time="0.048" /><testcase classname="tests.test_catalog.TestCatalog" name="test_novel_play_increments" time="0.517" /><testcase classname="tests.test_security.TestSec003PathTraversal" name="test_media_bad_path_rejected[lightlisten\\..\\etc]" time="0.048" /><testcase classname="tests.test_security.TestSec003PathTraversal" name="test_media_bad_path_rejected[notlightlisten/x/y.mp3]" time="0.049" /><testcase classname="tests.test_security.TestSec003PathTraversal" name="test_media_bad_path_rejected[lightlisten/aaaaaaaaaaaaaaaaaaaaaaaaaaaaaaaaaaaaaaaaaaaaaaaaaaaaaaaaaaaaaaaaaaaaaaaaaaaaaaaaaaaaaaaaaaaaaaaaaaaaaaaaaaaaaaaaaaaaaaaaaaaaaaaaaaaaaaaaaaaaaaaaaaaaaaaaaaaaaaaaaaaaaaaaaaaaaaaaaaaaaaaaaaaaaaaaaaaaaaaaaaaaaaaaaaaaaaaaaaaaaaaaaaaaaaaaaaaaaaaaaaaaaaaaaaaaaaaaaaaaaaaaaaaaaaaaaaaaaaaaaaaaaaaaaaaaaaaaaaaaaaaaaaaaaaaaaaaaaaaaaaaaaaaaaaaaaaaaaaaaaaaaaaaaaaaaaaaaaaaaaaaaaaaaaaaaaaaaaaaaaaaaaaaaaaaaaaaaaaaaa]" time="0.090" /><testcase classname="tests.test_security.TestSec003PathTraversal" name="test_media_valid_but_missing_404" time="0.421" /><testcase classname="tests.test_catalog.TestCatalog" name="test_novel_play_without_auth_401" time="0.048" /><testcase classname="tests.test_catalog.TestCatalog" name="test_pro_features_no_auth" time="0.050" /><testcase classname="tests.test_security.TestSec002RegexNovels" name="test_novels_q_metachar_never_crashes[(a+)+$]" time="0.053" /><testcase classname="tests.test_security.TestSec002RegexNovels" name="test_novels_q_metachar_never_crashes[.*]" time="0.049" /><testcase classname="tests.test_security.TestSec002RegexNovels" name="test_novels_q_metachar_never_crashes[^Rein]" time="0.047" /><testcase classname="tests.test_security.TestSec002RegexNovels" name="test_novels_q_metachar_never_crashes[[]" time="0.051" /><testcase classname="tests.test_security.TestSec002RegexNovels" name="test_novels_q_metachar_never_crashes[\\]" time="0.051" /><testcase classname="tests.test_security.TestSec002RegexNovels" name="test_novels_q_metachar_never_crashes[)(]" time="0.050" /><testcase classname="tests.test_security.TestSec002RegexNovels" name="test_novels_q_metachar_never_crashes[?*+]" time="0.052" /><testcase classname="tests.test_auth.TestAuth" name="test_signup_success" time="0.310" /><testcase classname="tests.test_security.TestSec002RegexNovels" name="test_novels_q_metachar_never_crashes[(?:x)]" time="0.229" /><testcase classname="tests.test_security.TestSec002RegexNovels" name="test_novels_q_plain_still_matches_demo" time="0.357" /><testcase classname="tests.test_auth.TestAuth" name="test_signup_duplicate_email_409" time="0.316" /><testcase classname="tests.test_auth.TestAuth" name="test_signup_short_password_422" time="0.046" /><testcase classname="tests.test_security.TestSec002RegexNovels" name="test_novels_q_dotstar_does_not_match_everything" time="0.049" /><testcase classname="tests.test_auth.TestAuth" name="test_login_wrong_password_401" time="0.268" /><testcase classname="tests.test_security.TestSec002RegexRequests" name="test_requests_q_metachar_never_crashes[(a+)+$]" time="0.266" /><testcase classname="tests.test_security.TestSec002RegexRequests" name="test_requests_q_metachar_never_crashes[.*]" time="0.268" /><testcase classname="tests.test_auth.TestAuth" name="test_login_reader_success" time="0.268" /><testcase classname="tests.test_auth.TestAuth" name="test_refresh_with_access_token_fails_401" time="0.048" /><testcase classname="tests.test_security.TestSec002RegexRequests" name="test_requests_q_metachar_never_crashes[^Rein]" time="0.048" /><testcase classname="tests.test_auth.TestAuth" name="test_refresh_valid" time="0.047" /><testcase classname="tests.test_security.TestSec002RegexRequests" name="test_requests_q_metachar_never_crashes[[]" time="0.050" /><testcase classname="tests.test_auth.TestAuth" name="test_get_me" time="0.099" /><testcase classname="tests.test_security.TestSec002RegexRequests" name="test_requests_q_metachar_never_crashes[\\]" time="0.049" /><testcase classname="tests.test_security.TestSec002RegexRequests" name="test_requests_q_metachar_never_crashes[)(]" time="0.091" /><testcase classname="tests.test_auth.TestAuth" name="test_get_me_no_auth_401" time="0.045" /><testcase classname="tests.test_auth.TestAuth" name="test_update_me_display_name" time="0.263" /><testcase classname="tests.test_security.TestSec002RegexRequests" name="test_requests_q_metachar_never_crashes[?*+]" time="0.049" /><testcase classname="tests.test_security.TestSec002RegexRequests" name="test_requests_q_metachar_never_crashes[(?:x)]" time="0.049" /><testcase classname="tests.test_security.TestSec002RegexRequests" name="test_requests_duplicate_metachar_title_dedupes" time="0.794" /><testcase classname="tests.test_security.TestSec002RegexAdminUsers" name="test_admin_users_q_metachar_never_crashes[(a+)+$]" time="0.499" /><testcase classname="tests.test_security.TestSec002RegexAdminUsers" name="test_admin_users_q_metachar_never_crashes[.*]" time="0.101" /><testcase classname="tests.test_security.TestSec002RegexAdminUsers" name="test_admin_users_q_metachar_never_crashes[^Rein]" time="0.112" /><testcase classname="tests.test_security.TestSec002RegexRequests" name="test_requests_dotstar_title_matches_literally" time="0.252" /><testcase classname="tests.test_security.TestSec002RegexAdminUsers" name="test_admin_users_q_metachar_never_crashes[[]" time="0.116" /><testcase classname="tests.test_security.TestSec002RegexAdminUsers" name="test_admin_users_q_metachar_never_crashes[\\]" time="0.120" /><testcase classname="tests.test_requests.TestRequests" name="test_create_new_request" time="0.101" /><testcase classname="tests.test_security.TestSec002RegexAdminUsers" name="test_admin_users_q_metachar_never_crashes[)(]" time="0.117" /><testcase classname="tests.test_requests.TestRequests" name="test_duplicate_request_votes_existing" time="0.491" /><testcase classname="tests.test_security.TestSec002RegexAdminUsers" name="test_admin_users_q_metachar_never_crashes[?*+]" time="0.308" /><testcase classname="tests.test_security.TestSec002RegexAdminUsers" name="test_admin_users_q_metachar_never_crashes[(?:x)]" time="0.096" /><testcase classname="tests.test_security.TestSec002RegexAdminUsers" name="test_admin_users_q_still_matches" time="0.092" /><testcase classname="tests.test_requests.TestRequests" name="test_vote_is_idempotent" time="0.698" /><testcase classname="tests.test_security.TestSec003UploadHardening" name="test_cover_rejects_html_415" time="0.577" /><testcase classname="tests.test_requests.TestRequests" name="test_list_requests_sorted_by_votes" time="0.055" /><testcase classname="tests.test_requests.TestRequests" name="test_list_requests_fuzzy_search" time="0.149" /><testcase classname="tests.test_requests.TestRequests" name="test_my_requests_lists_submitted_and_voted" time="0.145" /><testcase classname="tests.test_security.TestSec003UploadHardening" name="test_cover_rejects_pdf_415" time="0.583" /><testcase classname="tests.test_admin.TestAdminSecurity" name="test_admin_no_jwt_returns_401" time="0.048" /><testcase classname="tests.test_admin.TestAdminSecurity" name="test_admin_no_admin_key_403" time="0.115" /><testcase classname="tests.test_admin.TestAdminSecurity" name="test_admin_wrong_admin_key_403" time="0.106" /><testcase classname="tests.test_admin.TestAdminSecurity" name="test_admin_non_admin_role_403" time="0.120" /><testcase classname="tests.test_security.TestSec003UploadHardening" name="test_cover_accepts_png_and_serves_back_as_image" time="1.113" /><testcase classname="tests.test_admin.TestAdminSecurity" name="test_admin_full_auth_200" time="0.431" /><testcase classname="tests.test_library.TestLibrary" name="test_save_novel_idempotent" time="0.318" /><testcase classname="tests.test_library.TestLibrary" name="test_unsave_novel_idempotent" time="0.433" /><testcase classname="tests.test_security.TestSec003UploadHardening" name="test_chapter_upload_rejects_non_audio_415" time="0.410" /><testcase classname="tests.test_library.TestLibrary" name="test_progress_upsert_and_get" time="0.453" /><testcase classname="tests.test_security.TestSec003UploadHardening" name="test_chapter_upload_accepts_audio_mpeg" time="0.571" /><testcase classname="tests.test_library.TestLibrary" name="test_continue_listening" time="0.317" /><testcase classname="tests.test_library.TestLibrary" name="test_novel_detail_shows_saved_and_progress" time="0.217" /><testcase classname="tests.test_security.TestSec003UploadHardening" name="test_chapter_audio_url_field_still_works" time="0.424" /><testcase classname="tests.test_admin.TestAdminContentPipeline" name="test_full_pipeline_create_publish_appears_in_public" time="1.304" /><testcase classname="tests.test_security.TestSec001DraftAccess" name="test_chapters_anon_on_draft_404" time="0.368" /><testcase classname="tests.test_security.TestSec001DraftAccess" name="test_chapters_reader_on_draft_404" time="0.428" /><testcase classname="tests.test_security.TestSec001DraftAccess" name="test_chapters_admin_on_draft_200" time="0.391" /><testcase classname="tests.test_admin.TestAdminContentPipeline" name="test_chapter_without_audio_400" time="0.502" /><testcase classname="tests.test_security.TestSec001DraftAccess" name="test_chapters_anon_on_published_200" time="0.096" /><testcase classname="tests.test_security.TestSec001DraftAccess" name="test_chapters_publish_flow" time="0.654" /><testcase classname="tests.test_admin.TestAdminContentPipeline" name="test_admin_users_list_and_detail" time="0.567" /><testcase classname="tests.test_security.TestLoginEnumeration" name="test_unknown_email_401_generic_message" time="0.269" /><testcase classname="tests.test_security.TestLoginEnumeration" name="test_wrong_password_401_generic_message" time="0.269" /><testcase classname="tests.test_admin.TestAdminContentPipeline" name="test_admin_requests_community" time="0.876" /><testcase classname="tests.test_security.TestLoginEnumeration" name="test_short_password_still_422" time="0.049" /><testcase classname="tests.test_security.TestLoginEnumeration" name="test_duplicate_signup_still_409" time="0.316" /><testcase classname="tests.test_security.TestSec001SaveRequiresPublished" name="test_save_unpublished_404" time="0.415" /><testcase classname="tests.test_security.TestSec001PlayRequiresAuth" name="test_play_no_token_401" time="0.050" /><testcase classname="tests.test_security.TestSec001SaveRequiresPublished" name="test_save_published_ok_idempotent" time="0.340" /><testcase classname="tests.test_security.TestSec001PlayRequiresAuth" name="test_play_unpublished_404" time="0.429" /><testcase classname="tests.test_security.TestSec001PlayRequiresAuth" name="test_play_published_authed_200_and_increments" time="0.209" /><testcase classname="tests.test_security.TestSec001SaveRequiresPublished" name="test_delete_save_still_works" time="0.263" /><testcase classname="tests.test_admin.TestMediaRange" name="test_media_not_found_404" time="0.450" /><testcase classname="tests.test_security.TestCorsStillOpen" name="test_get_from_browser_origin_ok" time="0.096" /></testsuite></testsuites>