<?xml version="1.0" encoding="utf-8"?><testsuites name="pytest tests"><testsuite name="pytest" errors="0" failures="0" skipped="0" tests="46" time="7.018" timestamp="2026-08-30T07:19:44.426798+00:00" hostname="agent-env-5002be5b-5891-4b93-b775-12f7741b6711"><testcase classname="tests.test_auth.TestAuth" name="test_signup_success" time="0.359" /><testcase classname="tests.test_catalog.TestCatalog" name="test_list_genres" time="0.365" /><testcase classname="tests.test_auth.TestAuth" name="test_signup_duplicate_email_409" time="0.308" /><testcase classname="tests.test_catalog.TestCatalog" name="test_novels_sort_new" time="0.266" /><testcase classname="tests.test_catalog.TestCatalog" name="test_novels_sort_popular" time="0.049" /><testcase classname="tests.test_auth.TestAuth" name="test_signup_short_password_422" time="0.084" /><testcase classname="tests.test_catalog.TestCatalog" name="test_novels_sort_title" time="0.048" /><testcase classname="tests.test_catalog.TestCatalog" name="test_novels_invalid_sort_422" time="0.047" /><testcase classname="tests.test_auth.TestAuth" name="test_login_wrong_password_401" time="0.263" /><testcase classname="tests.test_catalog.TestCatalog" name="test_novels_search_by_title" time="0.246" /><testcase classname="tests.test_catalog.TestCatalog" name="test_novels_search_by_author" time="0.263" /><testcase classname="tests.test_catalog.TestCatalog" name="test_novels_search_by_alt_title" time="0.049" /><testcase classname="tests.test_auth.TestAuth" name="test_login_reader_success" time="0.304" /><testcase classname="tests.test_auth.TestAuth" name="test_refresh_with_access_token_fails_401" time="0.081" /><testcase classname="tests.test_catalog.TestCatalog" name="test_novels_filter_by_genre" time="0.047" /><testcase classname="tests.test_auth.TestAuth" name="test_refresh_valid" time="0.043" /><testcase classname="tests.test_catalog.TestCatalog" name="test_novel_detail" time="0.098" /><testcase classname="tests.test_auth.TestAuth" name="test_get_me" time="0.139" /><testcase classname="tests.test_catalog.TestCatalog" name="test_novel_detail_invalid_id_400" time="0.048" /><testcase classname="tests.test_catalog.TestCatalog" name="test_novel_detail_unknown_404" time="0.048" /><testcase classname="tests.test_catalog.TestCatalog" name="test_novel_chapters" time="0.088" /><testcase classname="tests.test_auth.TestAuth" name="test_get_me_no_auth_401" time="0.040" /><testcase classname="tests.test_auth.TestAuth" name="test_update_me_display_name" time="0.299" /><testcase classname="tests.test_catalog.TestCatalog" name="test_novel_play_increments" time="0.154" /><testcase classname="tests.test_catalog.TestCatalog" name="test_pro_features_no_auth" time="0.047" /><testcase classname="tests.test_admin.TestAdminSecurity" name="test_admin_no_jwt_returns_401" time="0.048" /><testcase classname="tests.test_requests.TestRequests" name="test_create_new_request" time="0.269" /><testcase classname="tests.test_requests.TestRequests" name="test_duplicate_request_votes_existing" time="0.457" /><testcase classname="tests.test_admin.TestAdminSecurity" name="test_admin_no_admin_key_403" time="0.636" /><testcase classname="tests.test_admin.TestAdminSecurity" name="test_admin_wrong_admin_key_403" time="0.152" /><testcase classname="tests.test_requests.TestRequests" name="test_vote_is_idempotent" time="0.833" /><testcase classname="tests.test_admin.TestAdminSecurity" name="test_admin_non_admin_role_403" time="0.304" /><testcase classname="tests.test_admin.TestAdminSecurity" name="test_admin_full_auth_200" time="0.372" /><testcase classname="tests.test_library.TestLibrary" name="test_save_novel_idempotent" time="0.344" /><testcase classname="tests.test_requests.TestRequests" name="test_list_requests_sorted_by_votes" time="0.042" /><testcase classname="tests.test_requests.TestRequests" name="test_list_requests_fuzzy_search" time="0.176" /><testcase classname="tests.test_requests.TestRequests" name="test_my_requests_lists_submitted_and_voted" time="0.106" /><testcase classname="tests.test_library.TestLibrary" name="test_unsave_novel_idempotent" time="0.555" /><testcase classname="tests.test_admin.TestAdminContentPipeline" name="test_full_pipeline_create_publish_appears_in_public" time="1.605" /><testcase classname="tests.test_library.TestLibrary" name="test_progress_upsert_and_get" time="0.349" /><testcase classname="tests.test_library.TestLibrary" name="test_continue_listening" time="0.357" /><testcase classname="tests.test_library.TestLibrary" name="test_novel_detail_shows_saved_and_progress" time="0.232" /><testcase classname="tests.test_admin.TestMediaRange" name="test_media_not_found_404" time="0.493" /><testcase classname="tests.test_admin.TestAdminContentPipeline" name="test_chapter_without_audio_400" time="0.416" /><testcase classname="tests.test_admin.TestAdminContentPipeline" name="test_admin_users_list_and_detail" time="0.291" /><testcase classname="tests.test_admin.TestAdminContentPipeline" name="test_admin_requests_community" time="0.555" /></testsuite></testsuites>